WARN  [Thread-5] 2019-03-20 10:26:26,292 repast.simphony.ui.GUIScheduleRunner - Caught InterruptedException when running simulation, unpausing.
java.lang.InterruptedException
	at java.lang.Object.wait(Native Method)
	at java.lang.Object.wait(Unknown Source)
	at repast.simphony.ui.GUIScheduleRunner.go(GUIScheduleRunner.java:137)
	at repast.simphony.ui.GUIScheduleRunner$ScheduleLoopRunnable.run(GUIScheduleRunner.java:48)
	at java.lang.Thread.run(Unknown Source)
WARN  [Thread-5] 2019-03-20 14:53:16,834 repast.simphony.ui.GUIScheduleRunner - Caught InterruptedException when running simulation, unpausing.
java.lang.InterruptedException
	at java.lang.Object.wait(Native Method)
	at java.lang.Object.wait(Unknown Source)
	at repast.simphony.ui.GUIScheduleRunner.go(GUIScheduleRunner.java:137)
	at repast.simphony.ui.GUIScheduleRunner$ScheduleLoopRunnable.run(GUIScheduleRunner.java:48)
	at java.lang.Thread.run(Unknown Source)
ERROR [AWT-EventQueue-0] 2019-03-27 21:23:40,737 repast.simphony.dataLoader.engine.CNDataLoaderActionLoader - On load, unable to create ContextCreator class for 'analisisConsumo.ConsumoBuilder'
java.lang.ClassNotFoundException: analisisConsumo.ConsumoBuilder
	at org.java.plugin.standard.StandardPluginClassLoader.loadClass(Unknown Source)
	at java.lang.ClassLoader.loadClass(Unknown Source)
	at java.lang.Class.forName0(Native Method)
	at java.lang.Class.forName(Unknown Source)
	at repast.simphony.dataLoader.engine.ClassNameContextBuilder.<init>(ClassNameContextBuilder.java:20)
	at repast.simphony.dataLoader.engine.ClassNameDataLoaderAction.<init>(ClassNameDataLoaderAction.java:23)
	at repast.simphony.dataLoader.engine.CNDataLoaderActionLoader.performLoad(CNDataLoaderActionLoader.java:35)
	at repast.simphony.scenario.AbstractActionLoader.loadAction(AbstractActionLoader.java:35)
	at repast.simphony.scenario.ScenarioFileLoader.createActions(ScenarioFileLoader.java:90)
	at repast.simphony.scenario.ScenarioFileLoader.load(ScenarioFileLoader.java:66)
	at repast.simphony.scenario.ScenarioLoader.load(ScenarioLoader.java:193)
	at repast.simphony.ui.RSApplication.open(RSApplication.java:359)
	at repast.simphony.ui.RSAppConfigurator.postWindowOpen(RSAppConfigurator.java:39)
	at saf.core.ui.GUICreatorDelegate.runDisplay(GUICreatorDelegate.java:188)
	at saf.core.ui.GUICreator$1.run(GUICreator.java:18)
	at simphony.util.ThreadUtilities$Runner.run(ThreadUtilities.java:33)
	at simphony.util.ThreadUtilities.runInEventThread(ThreadUtilities.java:47)
	at saf.core.ui.GUICreator.runDisplay(GUICreator.java:16)
	at repast.simphony.ui.RSUIPlugin$1.run(RSUIPlugin.java:104)
	at java.awt.event.InvocationEvent.dispatch(Unknown Source)
	at java.awt.EventQueue.dispatchEventImpl(Unknown Source)
	at java.awt.EventQueue.access$500(Unknown Source)
	at java.awt.EventQueue$3.run(Unknown Source)
	at java.awt.EventQueue$3.run(Unknown Source)
	at java.security.AccessController.doPrivileged(Native Method)
	at java.security.ProtectionDomain$JavaSecurityAccessImpl.doIntersectionPrivilege(Unknown Source)
	at java.awt.EventQueue.dispatchEvent(Unknown Source)
	at java.awt.EventDispatchThread.pumpOneEventForFilters(Unknown Source)
	at java.awt.EventDispatchThread.pumpEventsForFilter(Unknown Source)
	at java.awt.EventDispatchThread.pumpEventsForHierarchy(Unknown Source)
	at java.awt.EventDispatchThread.pumpEvents(Unknown Source)
	at java.awt.EventDispatchThread.pumpEvents(Unknown Source)
	at java.awt.EventDispatchThread.run(Unknown Source)
ERROR [AWT-EventQueue-0] 2019-03-27 21:23:40,744 repast.simphony.ui.RSApplication - Scenario Load Error
repast.simphony.scenario.ScenarioLoadException: java.lang.ClassNotFoundException: analisisConsumo.ConsumoBuilder
	at repast.simphony.scenario.ScenarioLoader.load(ScenarioLoader.java:220)
	at repast.simphony.ui.RSApplication.open(RSApplication.java:359)
	at repast.simphony.ui.RSAppConfigurator.postWindowOpen(RSAppConfigurator.java:39)
	at saf.core.ui.GUICreatorDelegate.runDisplay(GUICreatorDelegate.java:188)
	at saf.core.ui.GUICreator$1.run(GUICreator.java:18)
	at simphony.util.ThreadUtilities$Runner.run(ThreadUtilities.java:33)
	at simphony.util.ThreadUtilities.runInEventThread(ThreadUtilities.java:47)
	at saf.core.ui.GUICreator.runDisplay(GUICreator.java:16)
	at repast.simphony.ui.RSUIPlugin$1.run(RSUIPlugin.java:104)
	at java.awt.event.InvocationEvent.dispatch(Unknown Source)
	at java.awt.EventQueue.dispatchEventImpl(Unknown Source)
	at java.awt.EventQueue.access$500(Unknown Source)
	at java.awt.EventQueue$3.run(Unknown Source)
	at java.awt.EventQueue$3.run(Unknown Source)
	at java.security.AccessController.doPrivileged(Native Method)
	at java.security.ProtectionDomain$JavaSecurityAccessImpl.doIntersectionPrivilege(Unknown Source)
	at java.awt.EventQueue.dispatchEvent(Unknown Source)
	at java.awt.EventDispatchThread.pumpOneEventForFilters(Unknown Source)
	at java.awt.EventDispatchThread.pumpEventsForFilter(Unknown Source)
	at java.awt.EventDispatchThread.pumpEventsForHierarchy(Unknown Source)
	at java.awt.EventDispatchThread.pumpEvents(Unknown Source)
	at java.awt.EventDispatchThread.pumpEvents(Unknown Source)
	at java.awt.EventDispatchThread.run(Unknown Source)
Caused by: java.lang.RuntimeException: java.lang.ClassNotFoundException: analisisConsumo.ConsumoBuilder
	at simphony.util.error.ErrorCenter.fireErrorEvent(ErrorCenter.java:78)
	at simphony.util.error.ErrorCenter.error(ErrorCenter.java:44)
	at repast.simphony.dataLoader.engine.CNDataLoaderActionLoader.performLoad(CNDataLoaderActionLoader.java:40)
	at repast.simphony.scenario.AbstractActionLoader.loadAction(AbstractActionLoader.java:35)
	at repast.simphony.scenario.ScenarioFileLoader.createActions(ScenarioFileLoader.java:90)
	at repast.simphony.scenario.ScenarioFileLoader.load(ScenarioFileLoader.java:66)
	at repast.simphony.scenario.ScenarioLoader.load(ScenarioLoader.java:193)
	... 22 more
Caused by: java.lang.ClassNotFoundException: analisisConsumo.ConsumoBuilder
	at org.java.plugin.standard.StandardPluginClassLoader.loadClass(Unknown Source)
	at java.lang.ClassLoader.loadClass(Unknown Source)
	at java.lang.Class.forName0(Native Method)
	at java.lang.Class.forName(Unknown Source)
	at repast.simphony.dataLoader.engine.ClassNameContextBuilder.<init>(ClassNameContextBuilder.java:20)
	at repast.simphony.dataLoader.engine.ClassNameDataLoaderAction.<init>(ClassNameDataLoaderAction.java:23)
	at repast.simphony.dataLoader.engine.CNDataLoaderActionLoader.performLoad(CNDataLoaderActionLoader.java:35)
	... 26 more
WARN  [Thread-5] 2019-03-28 14:50:51,714 repast.simphony.ui.GUIScheduleRunner - Caught InterruptedException when running simulation, unpausing.
java.lang.InterruptedException
	at java.lang.Object.wait(Native Method)
	at java.lang.Object.wait(Unknown Source)
	at repast.simphony.ui.GUIScheduleRunner.go(GUIScheduleRunner.java:137)
	at repast.simphony.ui.GUIScheduleRunner$ScheduleLoopRunnable.run(GUIScheduleRunner.java:48)
	at java.lang.Thread.run(Unknown Source)
ERROR [AWT-EventQueue-0] 2019-03-29 08:15:33,081 repast.simphony.ui.RSApplication - Error while initializing simulation
java.lang.NumberFormatException: For input string: "id"
	at java.lang.NumberFormatException.forInputString(Unknown Source)
	at java.lang.Integer.parseInt(Unknown Source)
	at java.lang.Integer.parseInt(Unknown Source)
	at analisisConsumo.ConsumoBuilder.build(ConsumoBuilder.java:38)
	at repast.simphony.dataLoader.engine.ClassNameContextBuilder.build(ClassNameContextBuilder.java:41)
	at repast.simphony.dataLoader.engine.DataLoaderControllerAction.runInitialize(DataLoaderControllerAction.java:48)
	at repast.simphony.engine.controller.DefaultController$2.visit(DefaultController.java:214)
	at repast.simphony.engine.controller.DefaultController$2.visit(DefaultController.java:1)
	at repast.simphony.util.collections.NaryTree.preOrderTraverals(NaryTree.java:292)
	at repast.simphony.util.collections.NaryTree.preOrderTraverals(NaryTree.java:295)
	at repast.simphony.util.collections.NaryTree.preOrderTraverals(NaryTree.java:295)
	at repast.simphony.util.collections.NaryTree.preOrderTraversal(NaryTree.java:288)
	at repast.simphony.engine.controller.DefaultController.runInitialize(DefaultController.java:212)
	at repast.simphony.engine.controller.DefaultController.runInitialize(DefaultController.java:383)
	at repast.simphony.ui.RSApplication.initSim(RSApplication.java:157)
	at repast.simphony.ui.action.InitRun.actionPerformed(InitRun.java:17)
	at javax.swing.AbstractButton.fireActionPerformed(Unknown Source)
	at javax.swing.AbstractButton$Handler.actionPerformed(Unknown Source)
	at javax.swing.DefaultButtonModel.fireActionPerformed(Unknown Source)
	at javax.swing.DefaultButtonModel.setPressed(Unknown Source)
	at javax.swing.plaf.basic.BasicButtonListener.mouseReleased(Unknown Source)
	at java.awt.AWTEventMulticaster.mouseReleased(Unknown Source)
	at java.awt.Component.processMouseEvent(Unknown Source)
	at javax.swing.JComponent.processMouseEvent(Unknown Source)
	at java.awt.Component.processEvent(Unknown Source)
	at java.awt.Container.processEvent(Unknown Source)
	at java.awt.Component.dispatchEventImpl(Unknown Source)
	at java.awt.Container.dispatchEventImpl(Unknown Source)
	at java.awt.Component.dispatchEvent(Unknown Source)
	at java.awt.LightweightDispatcher.retargetMouseEvent(Unknown Source)
	at java.awt.LightweightDispatcher.processMouseEvent(Unknown Source)
	at java.awt.LightweightDispatcher.dispatchEvent(Unknown Source)
	at java.awt.Container.dispatchEventImpl(Unknown Source)
	at java.awt.Window.dispatchEventImpl(Unknown Source)
	at java.awt.Component.dispatchEvent(Unknown Source)
	at java.awt.EventQueue.dispatchEventImpl(Unknown Source)
	at java.awt.EventQueue.access$500(Unknown Source)
	at java.awt.EventQueue$3.run(Unknown Source)
	at java.awt.EventQueue$3.run(Unknown Source)
	at java.security.AccessController.doPrivileged(Native Method)
	at java.security.ProtectionDomain$JavaSecurityAccessImpl.doIntersectionPrivilege(Unknown Source)
	at java.security.ProtectionDomain$JavaSecurityAccessImpl.doIntersectionPrivilege(Unknown Source)
	at java.awt.EventQueue$4.run(Unknown Source)
	at java.awt.EventQueue$4.run(Unknown Source)
	at java.security.AccessController.doPrivileged(Native Method)
	at java.security.ProtectionDomain$JavaSecurityAccessImpl.doIntersectionPrivilege(Unknown Source)
	at java.awt.EventQueue.dispatchEvent(Unknown Source)
	at java.awt.EventDispatchThread.pumpOneEventForFilters(Unknown Source)
	at java.awt.EventDispatchThread.pumpEventsForFilter(Unknown Source)
	at java.awt.EventDispatchThread.pumpEventsForHierarchy(Unknown Source)
	at java.awt.EventDispatchThread.pumpEvents(Unknown Source)
	at java.awt.EventDispatchThread.pumpEvents(Unknown Source)
	at java.awt.EventDispatchThread.run(Unknown Source)
FATAL [Thread-5] 2019-03-29 10:27:09,920 repast.simphony.ui.GUIScheduleRunner - RunTimeException when running the schedule
Current tick (1.0)
java.lang.RuntimeException: java.lang.reflect.InvocationTargetException
	at repast.simphony.engine.schedule.DynamicTargetAction.execute(DynamicTargetAction.java:72)
	at repast.simphony.engine.controller.ScheduledMethodControllerAction$ScheduleMethodAllAction.execute(ScheduledMethodControllerAction.java:333)
	at repast.simphony.engine.schedule.DefaultAction.execute(DefaultAction.java:38)
	at repast.simphony.engine.schedule.ScheduleGroup.executeList(ScheduleGroup.java:205)
	at repast.simphony.engine.schedule.ScheduleGroup.execute(ScheduleGroup.java:231)
	at repast.simphony.engine.schedule.Schedule.execute(Schedule.java:352)
	at repast.simphony.ui.GUIScheduleRunner$ScheduleLoopRunnable.run(GUIScheduleRunner.java:52)
	at java.lang.Thread.run(Unknown Source)
Caused by: java.lang.reflect.InvocationTargetException
	at analisisConsumo.Consumidor$$FastClassByCGLIB$$865c2e5b.invoke(<generated>)
	at net.sf.cglib.reflect.FastMethod.invoke(FastMethod.java:53)
	at repast.simphony.engine.schedule.DynamicTargetAction.execute(DynamicTargetAction.java:69)
	... 7 more
Caused by: java.lang.NullPointerException
	at analisisConsumo.Consumidor.consumo(Consumidor.java:221)
	... 10 more
FATAL [Thread-5] 2019-03-29 10:29:59,913 repast.simphony.ui.GUIScheduleRunner - RunTimeException when running the schedule
Current tick (1.0)
java.lang.RuntimeException: java.lang.reflect.InvocationTargetException
	at repast.simphony.engine.schedule.DynamicTargetAction.execute(DynamicTargetAction.java:72)
	at repast.simphony.engine.controller.ScheduledMethodControllerAction$ScheduleMethodAllAction.execute(ScheduledMethodControllerAction.java:333)
	at repast.simphony.engine.schedule.DefaultAction.execute(DefaultAction.java:38)
	at repast.simphony.engine.schedule.ScheduleGroup.executeList(ScheduleGroup.java:205)
	at repast.simphony.engine.schedule.ScheduleGroup.execute(ScheduleGroup.java:231)
	at repast.simphony.engine.schedule.Schedule.execute(Schedule.java:352)
	at repast.simphony.ui.GUIScheduleRunner$ScheduleLoopRunnable.run(GUIScheduleRunner.java:52)
	at java.lang.Thread.run(Unknown Source)
Caused by: java.lang.reflect.InvocationTargetException
	at analisisConsumo.Consumidor$$FastClassByCGLIB$$865c2e5b.invoke(<generated>)
	at net.sf.cglib.reflect.FastMethod.invoke(FastMethod.java:53)
	at repast.simphony.engine.schedule.DynamicTargetAction.execute(DynamicTargetAction.java:69)
	... 7 more
Caused by: java.lang.NullPointerException
	at analisisConsumo.Consumidor.consumo(Consumidor.java:221)
	... 10 more
FATAL [Thread-6] 2019-03-29 11:21:17,044 repast.simphony.ui.GUIScheduleRunner - RunTimeException when running the schedule
Current tick (1.0)
java.lang.RuntimeException: java.lang.reflect.InvocationTargetException
	at repast.simphony.engine.schedule.DynamicTargetAction.execute(DynamicTargetAction.java:72)
	at repast.simphony.engine.controller.ScheduledMethodControllerAction$ScheduleMethodAllAction.execute(ScheduledMethodControllerAction.java:333)
	at repast.simphony.engine.schedule.DefaultAction.execute(DefaultAction.java:38)
	at repast.simphony.engine.schedule.ScheduleGroup.executeList(ScheduleGroup.java:205)
	at repast.simphony.engine.schedule.ScheduleGroup.execute(ScheduleGroup.java:231)
	at repast.simphony.engine.schedule.Schedule.execute(Schedule.java:352)
	at repast.simphony.ui.GUIScheduleRunner$ScheduleLoopRunnable.run(GUIScheduleRunner.java:52)
	at java.lang.Thread.run(Unknown Source)
Caused by: java.lang.reflect.InvocationTargetException
	at analisisConsumo.Consumidor$$FastClassByCGLIB$$865c2e5b.invoke(<generated>)
	at net.sf.cglib.reflect.FastMethod.invoke(FastMethod.java:53)
	at repast.simphony.engine.schedule.DynamicTargetAction.execute(DynamicTargetAction.java:69)
	... 7 more
Caused by: java.lang.NullPointerException
	at analisisConsumo.Consumidor.consumo(Consumidor.java:221)
	... 10 more
